<?xml version="1.0" encoding="UTF-8"?>
<testng-results ignored="0" total="4" passed="4" failed="0" skipped="0">
  <reporter-output>
  </reporter-output>
  <suite started-at="2026-03-17T11:23:35 IST" name="Default suite" finished-at="2026-03-17T11:23:35 IST" duration-ms="92">
    <groups>
    </groups>
    <test started-at="2026-03-17T11:23:35 IST" name="Default test" finished-at="2026-03-17T11:23:35 IST" duration-ms="92">
      <class name="pack1.ContactTest">
        <test-method signature="createContactTest()[pri:0, instance:pack1.ContactTest@799f10e1]" started-at="2026-03-17T11:23:35 IST" name="createContactTest" finished-at="2026-03-17T11:23:35 IST" duration-ms="3" status="PASS">
          <reporter-output>
          </reporter-output>
        </test-method> <!-- createContactTest -->
        <test-method signature="modifyContactTest()[pri:0, instance:pack1.ContactTest@799f10e1]" started-at="2026-03-17T11:23:35 IST" name="modifyContactTest" finished-at="2026-03-17T11:23:35 IST" duration-ms="2" status="PASS">
          <reporter-output>
          </reporter-output>
        </test-method> <!-- modifyContactTest -->
      </class> <!-- pack1.ContactTest -->
      <class name="pack2.OrgTest">
        <test-method signature="createOrgTest()[pri:0, instance:pack2.OrgTest@38d8f54a]" started-at="2026-03-17T11:23:35 IST" name="createOrgTest" finished-at="2026-03-17T11:23:35 IST" duration-ms="10" status="PASS">
          <reporter-output>
          </reporter-output>
        </test-method> <!-- createOrgTest -->
        <test-method signature="modifyOrgTest()[pri:0, instance:pack2.OrgTest@38d8f54a]" started-at="2026-03-17T11:23:35 IST" name="modifyOrgTest" finished-at="2026-03-17T11:23:35 IST" duration-ms="6" status="PASS">
          <reporter-output>
          </reporter-output>
        </test-method> <!-- modifyOrgTest -->
      </class> <!-- pack2.OrgTest -->
    </test> <!-- Default test -->
  </suite> <!-- Default suite -->
</testng-results>
