<?xml version="1.0" encoding="UTF-8"?>
<testng-results ignored="0" total="1" passed="1" failed="0" skipped="0">
  <reporter-output>
  </reporter-output>
  <suite started-at="2026-01-22T13:06:22 IST" name="Default suite" finished-at="2026-01-22T13:06:33 IST" duration-ms="11085">
    <groups>
    </groups>
    <test started-at="2026-01-22T13:06:22 IST" name="Default test" finished-at="2026-01-22T13:06:33 IST" duration-ms="11085">
      <class name="test.ProgramToValidateTheWhetherTheElementsAreInSortedOrder">
        <test-method signature="validateVeg()[pri:0, instance:test.ProgramToValidateTheWhetherTheElementsAreInSortedOrder@4c371370]" started-at="2026-01-22T13:06:22 IST" name="validateVeg" finished-at="2026-01-22T13:06:33 IST" duration-ms="11033" status="PASS">
          <reporter-output>
          </reporter-output>
        </test-method> <!-- validateVeg -->
      </class> <!-- test.ProgramToValidateTheWhetherTheElementsAreInSortedOrder -->
    </test> <!-- Default test -->
  </suite> <!-- Default suite -->
</testng-results>
