<?xml version="1.0" encoding="UTF-8"?>
<!-- Generated by org.testng.reporters.JUnitReportReporter -->
<testsuite hostname="vivek" failures="0" tests="3" name="test.Day4" time="0.007" errors="0" timestamp="2026-01-21T10:32:33 IST" skipped="0">
  <testcase classname="test.Day4" name="webLoginHomeLoan" time="0.001"/>
  <testcase classname="test.Day4" name="mobileLoginHomeLoan" time="0.001"/>
  <testcase classname="test.Day4" name="apiLoginHomeLoan" time="0.005"/>
</testsuite> <!-- test.Day4 -->
