<?xml version="1.0" encoding="UTF-8"?>
<!-- Generated by org.testng.reporters.JUnitXMLReporter -->
<testsuite ignored="0" hostname="vivek" failures="0" tests="11" name="Test" time="0.113" errors="0" timestamp="2026-01-20T16:27:39 IST">
  <testcase classname="test.Day4" name="apiLoginHomeLoan" time="0.006"/>
  <testcase classname="test.Day4" name="mobileLoginHomeLoan" time="0.002"/>
  <testcase classname="test.Day4" name="webLoginHomeLoan" time="0.002"/>
  <testcase classname="test.Day2" name="ploan" time="0.002"/>
  <testcase classname="test.Day3" name="apiLoginCarLoan" time="0.003"/>
  <testcase classname="test.Day3" name="mobileLoginCarLoan" time="0.003"/>
  <testcase classname="test.Day3" name="mobileSignupCarLoan" time="0.001"/>
  <testcase classname="test.Day3" name="mobilesignoutCarLoan" time="0.002"/>
  <testcase classname="test.Day3" name="webLoginCarLoan" time="0.002"/>
  <testcase classname="test.Day1" name="demo" time="0.001"/>
  <testcase classname="test.Day1" name="secondTest" time="0.001"/>
</testsuite> <!-- Test -->
