<?xml version="1.0" encoding="UTF-8"?>
<!-- Generated by org.testng.reporters.JUnitXMLReporter -->
<testsuite ignored="0" hostname="vivek" failures="0" tests="4" name="Default test" time="0.092" errors="0" timestamp="2026-03-17T11:23:35 IST">
  <testcase classname="pack2.OrgTest" name="createOrgTest" time="0.01"/>
  <testcase classname="pack2.OrgTest" name="modifyOrgTest" time="0.006"/>
  <testcase classname="pack1.ContactTest" name="createContactTest" time="0.003"/>
  <testcase classname="pack1.ContactTest" name="modifyContactTest" time="0.002"/>
</testsuite> <!-- Default test -->
