<?xml version="1.0" encoding="UTF-8"?>
<!-- Generated by org.testng.reporters.JUnitXMLReporter -->
<testsuite ignored="3" hostname="vivek" failures="0" tests="2" name="car loan" time="0.009" errors="0" timestamp="2026-01-21T10:32:33 IST">
  <testcase classname="test.Day3" name="apiLoginCarLoan" time="0.0"/>
  <testcase classname="test.Day3" name="webLoginCarLoan" time="0.001"/>
  <testcase classname="test.Day3" name="mobileLoginCarLoan" time="0.0">
    <ignored/>
  </testcase> <!-- mobileLoginCarLoan -->
  <testcase classname="test.Day3" name="mobileSignupCarLoan" time="0.0">
    <ignored/>
  </testcase> <!-- mobileSignupCarLoan -->
  <testcase classname="test.Day3" name="mobilesignoutCarLoan" time="0.0">
    <ignored/>
  </testcase> <!-- mobilesignoutCarLoan -->
</testsuite> <!-- car loan -->
