<?xml version="1.0" encoding="UTF-8"?>
<!-- Generated by org.testng.reporters.JUnitXMLReporter -->
<testsuite ignored="1" hostname="vivek" failures="0" tests="5" name="personal loan" time="0.052" errors="0" timestamp="2026-01-21T10:32:33 IST">
  <testcase classname="test.Day4" name="apiLoginHomeLoan" time="0.005"/>
  <testcase classname="test.Day4" name="mobileLoginHomeLoan" time="0.001"/>
  <testcase classname="test.Day4" name="webLoginHomeLoan" time="0.001"/>
  <testcase classname="test.Day2" name="ploan" time="0.002"/>
  <testcase classname="test.Day1" name="demo" time="0.001"/>
  <testcase classname="test.Day1" name="secondTest" time="0.0">
    <ignored/>
  </testcase> <!-- secondTest -->
</testsuite> <!-- personal loan -->
